<?xml version="1.0" encoding="UTF-8"?>
<!-- Generated by org.testng.reporters.JUnitReportReporter -->
<testsuite hostname="Jyoti" failures="0" tests="1" name="practice.datadriventesting.ReadDataFromTestNgTest" time="0.029" errors="0" timestamp="2024-09-02T10:12:28 IST" skipped="0">
  <testcase classname="practice.datadriventesting.ReadDataFromTestNgTest" name="sampleTest" time="0.029"/>
  <system-out/>
</testsuite> <!-- practice.datadriventesting.ReadDataFromTestNgTest -->
