<?xml version="1.0" encoding="UTF-8"?>
<!-- Generated by org.testng.reporters.JUnitReportReporter -->
<testsuite hostname="Jyoti" failures="0" tests="2" name="pacticeAnnotation.createContactTest" time="0.027" errors="0" timestamp="2024-09-14T12:10:49 IST" skipped="0">
  <testcase classname="pacticeAnnotation.createContactTest" name="createContectTest" time="0.023"/>
  <system-out/>
  <testcase classname="pacticeAnnotation.createContactTest" name="createContectWithPhoneTest" time="0.004"/>
  <system-out/>
</testsuite> <!-- pacticeAnnotation.createContactTest -->
