<?xml version="1.0" encoding="UTF-8"?>
<!-- Generated by org.testng.reporters.JUnitReportReporter -->
<testsuite hostname="Jyoti" failures="0" tests="1" name="com.Crm.comcast.OrgTest.CreateOrgTest" time="0.007" errors="0" timestamp="2024-09-14T12:10:49 IST" skipped="0">
  <testcase classname="com.Crm.comcast.OrgTest.CreateOrgTest" name="createORGWithIndustry" time="0.007"/>
  <system-out/>
</testsuite> <!-- com.Crm.comcast.OrgTest.CreateOrgTest -->
