<?xml version="1.0" encoding="UTF-8"?>
<!-- Generated by org.testng.reporters.JUnitReportReporter -->
<testsuite hostname="Jyoti" failures="0" tests="1" name="practice.datadriventesting.createOrgSeleniumFromJSON" time="21.079" errors="0" timestamp="2024-08-30T17:36:25 IST" skipped="0">
  <testcase classname="practice.datadriventesting.createOrgSeleniumFromJSON" name="createOrgtest" time="21.079"/>
  <system-out/>
</testsuite> <!-- practice.datadriventesting.createOrgSeleniumFromJSON -->
