<?xml version="1.0" encoding="UTF-8"?>
<!-- Generated by org.testng.reporters.JUnitReportReporter -->
<testsuite hostname="Jyoti" failures="0" tests="2" name="pacticeAnnotation.multipleAnnotationAndExcuted" time="0.025" errors="0" timestamp="2024-09-13T21:51:26 IST" skipped="0">
  <testcase classname="pacticeAnnotation.multipleAnnotationAndExcuted" name="createContacTest1" time="0.005"/>
  <system-out/>
  <testcase classname="pacticeAnnotation.multipleAnnotationAndExcuted" name="createContacTest" time="0.020"/>
  <system-out/>
</testsuite> <!-- pacticeAnnotation.multipleAnnotationAndExcuted -->
