<?xml version="1.0" encoding="UTF-8"?>
<!-- Generated by org.testng.reporters.JUnitReportReporter -->
<testsuite hostname="Jyoti" failures="0" tests="2" name="Practice_Homepage.HomePageVerificationtest" time="8.305" errors="0" timestamp="2024-09-19T13:39:11 IST" skipped="0">
  <testcase classname="Practice_Homepage.HomePageVerificationtest" name="homePagetest" time="4.428"/>
  <system-out/>
  <testcase classname="Practice_Homepage.HomePageVerificationtest" name="verifyLogoHomePageTest" time="3.877"/>
  <system-out/>
</testsuite> <!-- Practice_Homepage.HomePageVerificationtest -->
