<?xml version="1.0" encoding="UTF-8"?>
<!-- Generated by org.testng.reporters.JUnitReportReporter -->
<testsuite hostname="Jyoti" failures="0" tests="2" name="pacticeAnnotation.createLastName" time="0.028" errors="0" timestamp="2024-09-13T22:00:45 IST" skipped="0">
  <testcase classname="pacticeAnnotation.createLastName" name="createContacTest" time="0.022"/>
  <system-out/>
  <testcase classname="pacticeAnnotation.createLastName" name="createContacTest1" time="0.006"/>
  <system-out/>
</testsuite> <!-- pacticeAnnotation.createLastName -->
