<?xml version="1.0" encoding="UTF-8"?>
<!-- Generated by org.testng.reporters.JUnitReportReporter -->
<testsuite hostname="Jyoti" failures="0" tests="1" name="practise.testng.ClasspTest" time="0.038" errors="0" timestamp="2024-09-14T09:46:01 IST" skipped="0">
  <testcase classname="practise.testng.ClasspTest" name="createTest" time="0.038"/>
  <system-out/>
</testsuite> <!-- practise.testng.ClasspTest -->
