<?xml version="1.0" encoding="UTF-8"?>
<!-- Generated by org.testng.reporters.JUnitReportReporter -->
<testsuite hostname="Jyoti" failures="0" tests="1" name="Practice_Homepage.homePageSampleTest" time="0.021" errors="0" timestamp="2024-09-20T11:25:41 IST" skipped="0">
  <testcase classname="Practice_Homepage.homePageSampleTest" name="homePagetest" time="0.021"/>
  <system-out/>
</testsuite> <!-- Practice_Homepage.homePageSampleTest -->
