<?xml version="1.0" encoding="UTF-8"?>
<!-- Generated by org.testng.reporters.JUnitReportReporter -->
<testsuite hostname="Jyoti" failures="0" tests="3" name="practise.testng.CreateContactTest" time="0.018" errors="0" timestamp="2024-09-13T10:38:52 IST" skipped="0">
  <testcase classname="practise.testng.CreateContactTest" name="createContact" time="0.004"/>
  <system-out/>
  <testcase classname="practise.testng.CreateContactTest" name="createContact" time="0.002"/>
  <system-out/>
  <testcase classname="practise.testng.CreateContactTest" name="createContact" time="0.012"/>
  <system-out/>
</testsuite> <!-- practise.testng.CreateContactTest -->
