<?xml version="1.0" encoding="UTF-8"?>
<!-- Generated by org.testng.reporters.JUnitReportReporter -->
<testsuite hostname="Jyoti" failures="0" tests="2" name="pacticeAnnotation.createName" time="0.012" errors="0" timestamp="2024-09-13T22:00:45 IST" skipped="0">
  <testcase classname="pacticeAnnotation.createName" name="createContacTest1" time="0.005"/>
  <system-out/>
  <testcase classname="pacticeAnnotation.createName" name="createContacTest" time="0.007"/>
  <system-out/>
</testsuite> <!-- pacticeAnnotation.createName -->
