<?xml version="1.0" encoding="UTF-8"?>
<!-- Generated by org.testng.reporters.JUnitReportReporter -->
<testsuite hostname="Jyoti" failures="0" tests="2" name="practise.testng.CreateContactWithMob$CreateContactWithMobTest" time="0.015" errors="0" timestamp="2024-09-13T10:42:32 IST" skipped="0">
  <testcase classname="practise.testng.CreateContactWithMob$CreateContactWithMobTest" name="createContact" time="0.002"/>
  <system-out/>
  <testcase classname="practise.testng.CreateContactWithMob$CreateContactWithMobTest" name="createContact" time="0.013"/>
  <system-out/>
</testsuite> <!-- practise.testng.CreateContactWithMob$CreateContactWithMobTest -->
