<?xml version="1.0" encoding="UTF-8"?>
<!-- Generated by org.testng.reporters.JUnitReportReporter -->
<testsuite hostname="Jyoti" failures="0" tests="1" name="practise.testng.ScreenShot_ScriptTest" time="7.563" errors="0" timestamp="2024-09-20T12:03:59 IST" skipped="0">
  <testcase classname="practise.testng.ScreenShot_ScriptTest" name="screenShot" time="7.563"/>
  <system-out/>
</testsuite> <!-- practise.testng.ScreenShot_ScriptTest -->
