<?xml version="1.0" encoding="UTF-8"?>
<!-- Generated by org.testng.reporters.JUnitReportReporter -->
<testsuite hostname="Jyoti" failures="0" tests="3" name="practise.testng.SampleReport" time="6.490" errors="0" timestamp="2024-09-24T14:54:56 IST" skipped="0">
  <testcase classname="practise.testng.SampleReport" name="createContactTest" time="6.483"/>
  <system-out/>
  <testcase classname="practise.testng.SampleReport" name="createContactWithOrgTest" time="0.002"/>
  <system-out/>
  <testcase classname="practise.testng.SampleReport" name="createContactWithPhoneTest" time="0.005"/>
  <system-out/>
</testsuite> <!-- practise.testng.SampleReport -->
